Determining if the pthread_create exist failed with the following output:
Change Dir: /home/pan606/ROS/build/CMakeFiles/CMakeTmp

Run Build Command:"/usr/bin/make" "cmTC_bba2f/fast"
/usr/bin/make -f CMakeFiles/cmTC_bba2f.dir/build.make CMakeFiles/cmTC_bba2f.dir/build
make[1]: Entering directory '/home/pan606/ROS/build/CMakeFiles/CMakeTmp'
Building C object CMakeFiles/cmTC_bba2f.dir/CheckSymbolExists.c.o
/usr/bin/cc     -o CMakeFiles/cmTC_bba2f.dir/CheckSymbolExists.c.o   -c /home/pan606/ROS/build/CMakeFiles/CMakeTmp/CheckSymbolExists.c
Linking C executable cmTC_bba2f
/usr/bin/cmake -E cmake_link_script CMakeFiles/cmTC_bba2f.dir/link.txt --verbose=1
/usr/bin/cc       CMakeFiles/cmTC_bba2f.dir/CheckSymbolExists.c.o  -o cmTC_bba2f -rdynamic 
CMakeFiles/cmTC_bba2f.dir/CheckSymbolExists.c.o: 於函式 main:
CheckSymbolExists.c:(.text+0x16): 未定義參考到「pthread_create」
collect2: error: ld returned 1 exit status
CMakeFiles/cmTC_bba2f.dir/build.make:97: recipe for target 'cmTC_bba2f' failed
make[1]: *** [cmTC_bba2f] Error 1
make[1]: Leaving directory '/home/pan606/ROS/build/CMakeFiles/CMakeTmp'
Makefile:126: recipe for target 'cmTC_bba2f/fast' failed
make: *** [cmTC_bba2f/fast] Error 2

File /home/pan606/ROS/build/CMakeFiles/CMakeTmp/CheckSymbolExists.c:
/* */
#include <pthread.h>

int main(int argc, char** argv)
{
  (void)argv;
#ifndef pthread_create
  return ((int*)(&pthread_create))[argc];
#else
  (void)argc;
  return 0;
#endif
}

Determining if the function pthread_create exists in the pthreads failed with the following output:
Change Dir: /home/pan606/ROS/build/CMakeFiles/CMakeTmp

Run Build Command:"/usr/bin/make" "cmTC_cc729/fast"
/usr/bin/make -f CMakeFiles/cmTC_cc729.dir/build.make CMakeFiles/cmTC_cc729.dir/build
make[1]: Entering directory '/home/pan606/ROS/build/CMakeFiles/CMakeTmp'
Building C object CMakeFiles/cmTC_cc729.dir/CheckFunctionExists.c.o
/usr/bin/cc    -DCHECK_FUNCTION_EXISTS=pthread_create   -o CMakeFiles/cmTC_cc729.dir/CheckFunctionExists.c.o   -c /usr/share/cmake-3.5/Modules/CheckFunctionExists.c
Linking C executable cmTC_cc729
/usr/bin/cmake -E cmake_link_script CMakeFiles/cmTC_cc729.dir/link.txt --verbose=1
/usr/bin/cc   -DCHECK_FUNCTION_EXISTS=pthread_create    CMakeFiles/cmTC_cc729.dir/CheckFunctionExists.c.o  -o cmTC_cc729 -rdynamic -lpthreads 
/usr/bin/ld: 找不到 -lpthreads
collect2: error: ld returned 1 exit status
CMakeFiles/cmTC_cc729.dir/build.make:97: recipe for target 'cmTC_cc729' failed
make[1]: *** [cmTC_cc729] Error 1
make[1]: Leaving directory '/home/pan606/ROS/build/CMakeFiles/CMakeTmp'
Makefile:126: recipe for target 'cmTC_cc729/fast' failed
make: *** [cmTC_cc729/fast] Error 2


